Arguments: 
  /usr/local/bin/node /opt/homebrew/Cellar/yarn/1.22.19/libexec/bin/yarn.js init

PATH: 
  /opt/homebrew/bin:/opt/homebrew/sbin:/usr/local/bin:/usr/bin:/bin:/usr/sbin:/sbin:/Users/felipezapatasoto/git-custom-commands

Yarn version: 
  1.22.19

Node version: 
  16.14.2

Platform: 
  darwin arm64

Trace: 
  Error: canceled
      at Interface.<anonymous> (/opt/homebrew/Cellar/yarn/1.22.19/libexec/lib/cli.js:137150:13)
      at Interface.emit (node:events:526:28)
      at Interface._ttyWrite (node:readline:1081:16)
      at ReadStream.onkeypress (node:readline:288:10)
      at ReadStream.emit (node:events:526:28)
      at emitKeys (node:internal/readline/utils:358:14)
      at emitKeys.next (<anonymous>)
      at ReadStream.onData (node:internal/readline/emitKeypressEvents:61:36)
      at ReadStream.emit (node:events:526:28)
      at addChunk (node:internal/streams/readable:315:12)

npm manifest: 
  {
  	"name": "nasa-project",
  	"version": "1.0.0",
  	"description": "ZTM Nasa project",
  	"main": "index.js",
  	"scripts": {
  		"server": "npm start --prefix server",
  		"client": "npm start --prefix client",
  		"dev": "npm run client & npm run server",
  		"deploy": "npm run build --prefix client && npm run start --prefix server",
  		"deploy-cluster": "npm run build --prefix client && npm run cluster --prefix server",
  		"test": "npm run test --prefix server && npm test --prefix client"
  	},
  	"repository": {
  		"type": "git",
  		"url": "git+https://github.com/Felipeazs/ZTM-Nasa-project.git"
  	},
  	"author": "felipeazs",
  	"license": "ISC",
  	"bugs": {
  		"url": "https://github.com/Felipeazs/ZTM-Nasa-project/issues"
  	},
  	"homepage": "https://github.com/Felipeazs/ZTM-Nasa-project#readme",
  	"dependencies": {
  		"axios": "^0.27.2"
  	}
  }

yarn manifest: 
  No manifest

Lockfile: 
  No lockfile
